<?xml version="1.0" encoding="UTF-8"?>
<!-- Generated by org.testng.reporters.JUnitXMLReporter -->
<testsuite hostname="HJNZL000593" failures="0" tests="10" name="Default test" time="74.839" errors="0" timestamp="16 Aug 2023 13:20:25 GMT">
  <testcase classname="portfolio_test.user.TC06_ArtifactPage" name="VerifySubscribeUnsubscribe" time="17.767"/>
  <testcase classname="portfolio_test.user.TC06_ArtifactPage" name="VerifySSTATSAndIMPACT" time="0.027"/>
  <testcase classname="portfolio_test.user.TC06_ArtifactPage" name="VerifyMaturitySection" time="0.018"/>
  <testcase classname="portfolio_test.user.TC06_ArtifactPage" name="VerifyKeyMaterialsSection" time="0.023"/>
  <testcase classname="portfolio_test.user.TC06_ArtifactPage" name="VerifyEvidenceSection" time="0.017"/>
  <testcase classname="portfolio_test.user.TC06_ArtifactPage" name="VerifyENHANCEMENTSSection" time="12.998"/>
  <testcase classname="portfolio_test.user.TC06_ArtifactPage" name="VerifyBoMSection" time="4.516"/>
  <testcase classname="portfolio_test.user.TC06_ArtifactPage" name="VerifySolutionPlaySection" time="2.345"/>
  <testcase classname="portfolio_test.user.TC06_ArtifactPage" name="VerifyArtifactSection" time="5.346"/>
  <testcase classname="portfolio_test.user.TC06_ArtifactPage" name="VerifyCatalogueOfferSection" time="5.261"/>
</testsuite> <!-- Default test -->
