<?xml version="1.0" encoding="UTF-8"?>
<testng-results total="1" passed="0" failed="1" skipped="0">
  <reporter-output>
  </reporter-output>
  <suite started-at="2023-05-12T06:58:10Z" name="Default suite" finished-at="2023-05-12T06:59:38Z" duration-ms="87980">
    <groups>
    </groups>
    <test started-at="2023-05-12T06:58:10Z" name="Default test" finished-at="2023-05-12T06:59:38Z" duration-ms="87980">
      <class name="portfolio_test.user.TC03_CatalogueTest">
        <test-method is-config="true" signature="initialize()[pri:0, instance:portfolio_test.user.TC03_CatalogueTest@5b057c8c]" started-at="2023-05-12T12:28:10Z" name="initialize" finished-at="2023-05-12T12:28:58Z" duration-ms="47683" status="PASS">
          <reporter-output>
          </reporter-output>
        </test-method> <!-- initialize -->
        <test-method signature="verifyAutomotiveMobilityandTransportationOnCataloguePage()[pri:0, instance:portfolio_test.user.TC03_CatalogueTest@5b057c8c]" started-at="2023-05-12T12:28:58Z" name="verifyAutomotiveMobilityandTransportationOnCataloguePage" finished-at="2023-05-12T12:29:38Z" duration-ms="39788" status="FAIL">
          <exception class="org.openqa.selenium.ElementNotInteractableException">
            <message>
              <![CDATA[element not interactable: [object HTMLButtonElement] has no size and location
  (Session info: MicrosoftEdge=113.0.1774.42)
Build info: version: '3.141.59', revision: 'e82be7d358', time: '2018-11-14T08:17:03'
System info: host: 'HJNZL000593', ip: '192.168.1.11', os.name: 'Windows 11', os.arch: 'amd64', os.version: '10.0', java.version: '18.0.2.1'
Driver info: org.openqa.selenium.edge.EdgeDriver
Capabilities {acceptInsecureCerts: false, browserName: msedge, browserVersion: 113.0.1774.42, javascriptEnabled: true, ms:edgeOptions: {debuggerAddress: localhost:63364}, msedge: {msedgedriverVersion: 113.0.1774.35 (7069649d6056..., userDataDir: C:\Users\V-SPED~1\AppData\L...}, networkConnectionEnabled: false, pageLoadStrategy: normal, platform: WINDOWS, platformName: WINDOWS, proxy: Proxy(), setWindowRect: true, strictFileInteractability: false, timeouts: {implicit: 0, pageLoad: 300000, script: 30000}, unhandledPromptBehavior: dismiss and notify, webauthn:extension:credBlob: true, webauthn:extension:largeBlob: true, webauthn:extension:minPinLength: true, webauthn:extension:prf: true, webauthn:virtualAuthenticators: true}
Session ID: 1a34951bdd4b6fe6f04cc9a08a55b000]]>
            </message>
            <full-stacktrace>
              <![CDATA[org.openqa.selenium.ElementNotInteractableException: element not interactable: [object HTMLButtonElement] has no size and location
  (Session info: MicrosoftEdge=113.0.1774.42)
Build info: version: '3.141.59', revision: 'e82be7d358', time: '2018-11-14T08:17:03'
System info: host: 'HJNZL000593', ip: '192.168.1.11', os.name: 'Windows 11', os.arch: 'amd64', os.version: '10.0', java.version: '18.0.2.1'
Driver info: org.openqa.selenium.edge.EdgeDriver
Capabilities {acceptInsecureCerts: false, browserName: msedge, browserVersion: 113.0.1774.42, javascriptEnabled: true, ms:edgeOptions: {debuggerAddress: localhost:63364}, msedge: {msedgedriverVersion: 113.0.1774.35 (7069649d6056..., userDataDir: C:\Users\V-SPED~1\AppData\L...}, networkConnectionEnabled: false, pageLoadStrategy: normal, platform: WINDOWS, platformName: WINDOWS, proxy: Proxy(), setWindowRect: true, strictFileInteractability: false, timeouts: {implicit: 0, pageLoad: 300000, script: 30000}, unhandledPromptBehavior: dismiss and notify, webauthn:extension:credBlob: true, webauthn:extension:largeBlob: true, webauthn:extension:minPinLength: true, webauthn:extension:prf: true, webauthn:virtualAuthenticators: true}
Session ID: 1a34951bdd4b6fe6f04cc9a08a55b000
	at java.base/jdk.internal.reflect.DirectConstructorHandleAccessor.newInstance(DirectConstructorHandleAccessor.java:67)
	at java.base/java.lang.reflect.Constructor.newInstanceWithCaller(Constructor.java:499)
	at java.base/java.lang.reflect.Constructor.newInstance(Constructor.java:483)
	at org.openqa.selenium.remote.http.W3CHttpResponseCodec.createException(W3CHttpResponseCodec.java:187)
	at org.openqa.selenium.remote.http.W3CHttpResponseCodec.decode(W3CHttpResponseCodec.java:122)
	at org.openqa.selenium.remote.http.W3CHttpResponseCodec.decode(W3CHttpResponseCodec.java:49)
	at org.openqa.selenium.remote.HttpCommandExecutor.execute(HttpCommandExecutor.java:158)
	at org.openqa.selenium.remote.service.DriverCommandExecutor.execute(DriverCommandExecutor.java:83)
	at org.openqa.selenium.remote.RemoteWebDriver.execute(RemoteWebDriver.java:552)
	at org.openqa.selenium.remote.RemoteWebDriver.perform(RemoteWebDriver.java:618)
	at org.openqa.selenium.interactions.Actions$BuiltAction.perform(Actions.java:639)
	at org.openqa.selenium.interactions.Actions.perform(Actions.java:595)
	at resources.Utilities.clickOnElementUsingActions(Utilities.java:111)
	at pageObjects.CataloguePage.clickPackageButton(CataloguePage.java:375)
	at portfolio_test.user.TC03_CatalogueTest.verifyAutomotiveMobilityandTransportationOnCataloguePage(TC03_CatalogueTest.java:744)
	at java.base/jdk.internal.reflect.DirectMethodHandleAccessor.invoke(DirectMethodHandleAccessor.java:104)
	at java.base/java.lang.reflect.Method.invoke(Method.java:577)
	at org.testng.internal.MethodInvocationHelper.invokeMethod(MethodInvocationHelper.java:80)
	at org.testng.internal.Invoker.invokeMethod(Invoker.java:714)
	at org.testng.internal.Invoker.invokeTestMethod(Invoker.java:901)
	at org.testng.internal.Invoker.invokeTestMethods(Invoker.java:1231)
	at org.testng.internal.TestMethodWorker.invokeTestMethods(TestMethodWorker.java:127)
	at org.testng.internal.TestMethodWorker.run(TestMethodWorker.java:111)
	at org.testng.TestRunner.privateRun(TestRunner.java:767)
	at org.testng.TestRunner.run(TestRunner.java:617)
	at org.testng.SuiteRunner.runTest(SuiteRunner.java:334)
	at org.testng.SuiteRunner.runSequentially(SuiteRunner.java:329)
	at org.testng.SuiteRunner.privateRun(SuiteRunner.java:291)
	at org.testng.SuiteRunner.run(SuiteRunner.java:240)
	at org.testng.SuiteRunnerWorker.runSuite(SuiteRunnerWorker.java:52)
	at org.testng.SuiteRunnerWorker.run(SuiteRunnerWorker.java:86)
	at org.testng.TestNG.runSuitesSequentially(TestNG.java:1198)
	at org.testng.TestNG.runSuitesLocally(TestNG.java:1123)
	at org.testng.TestNG.run(TestNG.java:1031)
	at org.testng.remote.AbstractRemoteTestNG.run(AbstractRemoteTestNG.java:115)
	at org.testng.remote.RemoteTestNG.initAndRun(RemoteTestNG.java:251)
	at org.testng.remote.RemoteTestNG.main(RemoteTestNG.java:77)
]]>
            </full-stacktrace>
          </exception> <!-- org.openqa.selenium.ElementNotInteractableException -->
          <reporter-output>
          </reporter-output>
        </test-method> <!-- verifyAutomotiveMobilityandTransportationOnCataloguePage -->
        <test-method is-config="true" signature="teardown()[pri:0, instance:portfolio_test.user.TC03_CatalogueTest@5b057c8c]" started-at="2023-05-12T12:29:38Z" name="teardown" finished-at="2023-05-12T12:29:38Z" duration-ms="467" status="PASS">
          <reporter-output>
          </reporter-output>
        </test-method> <!-- teardown -->
      </class> <!-- portfolio_test.user.TC03_CatalogueTest -->
    </test> <!-- Default test -->
  </suite> <!-- Default suite -->
</testng-results>
