<?xml version="1.0" encoding="UTF-8"?>
<testng-results total="54" passed="53" failed="1" skipped="0">
  <reporter-output>
  </reporter-output>
  <suite started-at="2023-08-08T13:49:30Z" name="IS Catalauge Automation Tests" finished-at="2023-08-08T14:12:33Z" duration-ms="1383571">
    <groups>
    </groups>
    <test started-at="2023-08-08T13:49:30Z" name="Validating IS Catalauge Login page test" finished-at="2023-08-08T13:49:55Z" duration-ms="24685">
      <class name="portfolio_test.user.TC01_UserLoginTest">
        <test-method is-config="true" signature="initialize()[pri:0, instance:portfolio_test.user.TC01_UserLoginTest@1804f60d]" started-at="2023-08-08T19:19:30Z" name="initialize" finished-at="2023-08-08T19:19:51Z" duration-ms="21403" status="PASS">
          <reporter-output>
          </reporter-output>
        </test-method> <!-- initialize -->
        <test-method signature="loginPageTitleTest()[pri:0, instance:portfolio_test.user.TC01_UserLoginTest@1804f60d]" started-at="2023-08-08T19:19:51Z" name="loginPageTitleTest" finished-at="2023-08-08T19:19:54Z" duration-ms="3027" status="PASS">
          <reporter-output>
          </reporter-output>
        </test-method> <!-- loginPageTitleTest -->
        <test-method is-config="true" signature="teardown()[pri:0, instance:portfolio_test.user.TC01_UserLoginTest@1804f60d]" started-at="2023-08-08T19:19:54Z" name="teardown" finished-at="2023-08-08T19:19:55Z" duration-ms="238" status="PASS">
          <reporter-output>
          </reporter-output>
        </test-method> <!-- teardown -->
      </class> <!-- portfolio_test.user.TC01_UserLoginTest -->
    </test> <!-- Validating IS Catalauge Login page test -->
    <test started-at="2023-08-08T13:49:55Z" name="Validating all links and pages present under Home page test" finished-at="2023-08-08T13:57:22Z" duration-ms="447591">
      <class name="portfolio_test.user.TC02_HomePage">
        <test-method is-config="true" signature="initialize()[pri:0, instance:portfolio_test.user.TC02_HomePage@3bb9efbc]" started-at="2023-08-08T19:19:55Z" name="initialize" finished-at="2023-08-08T19:20:31Z" duration-ms="35825" status="PASS">
          <reporter-output>
          </reporter-output>
        </test-method> <!-- initialize -->
        <test-method signature="verify_Homepage()[pri:0, instance:portfolio_test.user.TC02_HomePage@3bb9efbc]" started-at="2023-08-08T19:20:31Z" name="verify_Homepage" finished-at="2023-08-08T19:20:31Z" duration-ms="7" status="PASS">
          <reporter-output>
          </reporter-output>
        </test-method> <!-- verify_Homepage -->
        <test-method signature="verify_MCAPS_Seller_View()[pri:0, instance:portfolio_test.user.TC02_HomePage@3bb9efbc]" started-at="2023-08-08T19:20:31Z" name="verify_MCAPS_Seller_View" finished-at="2023-08-08T19:20:36Z" duration-ms="5035" status="PASS">
          <reporter-output>
          </reporter-output>
        </test-method> <!-- verify_MCAPS_Seller_View -->
        <test-method signature="verifyCustomerHubPageFromHomePage()[pri:0, instance:portfolio_test.user.TC02_HomePage@3bb9efbc]" started-at="2023-08-08T19:20:36Z" name="verifyCustomerHubPageFromHomePage" finished-at="2023-08-08T19:21:01Z" duration-ms="25329" status="PASS">
          <reporter-output>
          </reporter-output>
        </test-method> <!-- verifyCustomerHubPageFromHomePage -->
        <test-method signature="verifyMeet_the_new_IS_CataloguePageOnHomepage()[pri:0, instance:portfolio_test.user.TC02_HomePage@3bb9efbc]" started-at="2023-08-08T19:21:01Z" name="verifyMeet_the_new_IS_CataloguePageOnHomepage" finished-at="2023-08-08T19:21:11Z" duration-ms="9434" status="PASS">
          <reporter-output>
          </reporter-output>
        </test-method> <!-- verifyMeet_the_new_IS_CataloguePageOnHomepage -->
        <test-method signature="verify_IS_Seller_View()[pri:0, instance:portfolio_test.user.TC02_HomePage@3bb9efbc]" started-at="2023-08-08T19:21:11Z" name="verify_IS_Seller_View" finished-at="2023-08-08T19:21:21Z" duration-ms="10050" status="PASS">
          <reporter-output>
          </reporter-output>
        </test-method> <!-- verify_IS_Seller_View -->
        <test-method signature="verifyCloudTransitionServicesPageOnHomepage()[pri:0, instance:portfolio_test.user.TC02_HomePage@3bb9efbc]" started-at="2023-08-08T19:21:21Z" name="verifyCloudTransitionServicesPageOnHomepage" finished-at="2023-08-08T19:21:45Z" duration-ms="24361" status="PASS">
          <reporter-output>
          </reporter-output>
        </test-method> <!-- verifyCloudTransitionServicesPageOnHomepage -->
        <test-method signature="VerifyCloudManagementOperationsPageOnHomepage()[pri:0, instance:portfolio_test.user.TC02_HomePage@3bb9efbc]" started-at="2023-08-08T19:21:45Z" name="VerifyCloudManagementOperationsPageOnHomepage" finished-at="2023-08-08T19:21:57Z" duration-ms="11705" status="PASS">
          <reporter-output>
          </reporter-output>
        </test-method> <!-- VerifyCloudManagementOperationsPageOnHomepage -->
        <test-method signature="VerifyProductInnovationDevelopmentServicesPageOnHomepage()[pri:0, instance:portfolio_test.user.TC02_HomePage@3bb9efbc]" started-at="2023-08-08T19:21:57Z" name="VerifyProductInnovationDevelopmentServicesPageOnHomepage" finished-at="2023-08-08T19:22:07Z" duration-ms="10425" status="PASS">
          <reporter-output>
          </reporter-output>
        </test-method> <!-- VerifyProductInnovationDevelopmentServicesPageOnHomepage -->
        <test-method signature="VerifyIdentity_and_Access_ServicesPageOnHomepage()[pri:0, instance:portfolio_test.user.TC02_HomePage@3bb9efbc]" started-at="2023-08-08T19:22:07Z" name="VerifyIdentity_and_Access_ServicesPageOnHomepage" finished-at="2023-08-08T19:22:20Z" duration-ms="12827" status="PASS">
          <reporter-output>
          </reporter-output>
        </test-method> <!-- VerifyIdentity_and_Access_ServicesPageOnHomepage -->
        <test-method signature="VerifyDigital_Security_and_CompliancePageOnHomepage()[pri:0, instance:portfolio_test.user.TC02_HomePage@3bb9efbc]" started-at="2023-08-08T19:22:20Z" name="VerifyDigital_Security_and_CompliancePageOnHomepage" finished-at="2023-08-08T19:22:30Z" duration-ms="10283" status="PASS">
          <reporter-output>
          </reporter-output>
        </test-method> <!-- VerifyDigital_Security_and_CompliancePageOnHomepage -->
        <test-method signature="Verify_Data_Strategy_Platform_Analytics_PageOnHomepage()[pri:0, instance:portfolio_test.user.TC02_HomePage@3bb9efbc]" started-at="2023-08-08T19:22:30Z" name="Verify_Data_Strategy_Platform_Analytics_PageOnHomepage" finished-at="2023-08-08T19:22:40Z" duration-ms="10284" status="PASS">
          <reporter-output>
          </reporter-output>
        </test-method> <!-- Verify_Data_Strategy_Platform_Analytics_PageOnHomepage -->
        <test-method signature="VerifySecurity_OperationsPageOnHomepage()[pri:0, instance:portfolio_test.user.TC02_HomePage@3bb9efbc]" started-at="2023-08-08T19:22:40Z" name="VerifySecurity_OperationsPageOnHomepage" finished-at="2023-08-08T19:22:51Z" duration-ms="10297" status="PASS">
          <reporter-output>
          </reporter-output>
        </test-method> <!-- VerifySecurity_OperationsPageOnHomepage -->
        <test-method signature="VerifyEnd_to_End_AI_and_Machine_LearningPageOnHomepage()[pri:0, instance:portfolio_test.user.TC02_HomePage@3bb9efbc]" started-at="2023-08-08T19:22:51Z" name="VerifyEnd_to_End_AI_and_Machine_LearningPageOnHomepage" finished-at="2023-08-08T19:23:07Z" duration-ms="16436" status="PASS">
          <reporter-output>
          </reporter-output>
        </test-method> <!-- VerifyEnd_to_End_AI_and_Machine_LearningPageOnHomepage -->
        <test-method signature="verifyCustomerEvidenceSectionOnHomepage()[pri:0, instance:portfolio_test.user.TC02_HomePage@3bb9efbc]" started-at="2023-08-08T19:23:07Z" name="verifyCustomerEvidenceSectionOnHomepage" finished-at="2023-08-08T19:23:12Z" duration-ms="5048" status="PASS">
          <reporter-output>
          </reporter-output>
        </test-method> <!-- verifyCustomerEvidenceSectionOnHomepage -->
        <test-method signature="verifyMeet_the_new_IS_CataloguePageOnHomepageForISSellerView()[pri:0, instance:portfolio_test.user.TC02_HomePage@3bb9efbc]" started-at="2023-08-08T19:23:12Z" name="verifyMeet_the_new_IS_CataloguePageOnHomepageForISSellerView" finished-at="2023-08-08T19:23:21Z" duration-ms="8428" status="PASS">
          <reporter-output>
          </reporter-output>
        </test-method> <!-- verifyMeet_the_new_IS_CataloguePageOnHomepageForISSellerView -->
        <test-method signature="verify_Architect_View()[pri:0, instance:portfolio_test.user.TC02_HomePage@3bb9efbc]" started-at="2023-08-08T19:23:21Z" name="verify_Architect_View" finished-at="2023-08-08T19:23:39Z" duration-ms="18243" status="PASS">
          <reporter-output>
          </reporter-output>
        </test-method> <!-- verify_Architect_View -->
        <test-method signature="verifySearchFunctionOnHomePageForArchitectRole()[pri:0, instance:portfolio_test.user.TC02_HomePage@3bb9efbc]" started-at="2023-08-08T19:23:39Z" name="verifySearchFunctionOnHomePageForArchitectRole" finished-at="2023-08-08T19:23:57Z" duration-ms="18161" status="PASS">
          <reporter-output>
          </reporter-output>
        </test-method> <!-- verifySearchFunctionOnHomePageForArchitectRole -->
        <test-method signature="verifyPickupwhereyouleftSectionfOnHomepage()[pri:0, instance:portfolio_test.user.TC02_HomePage@3bb9efbc]" started-at="2023-08-08T19:23:57Z" name="verifyPickupwhereyouleftSectionfOnHomepage" finished-at="2023-08-08T19:24:03Z" duration-ms="5578" status="PASS">
          <reporter-output>
          </reporter-output>
        </test-method> <!-- verifyPickupwhereyouleftSectionfOnHomepage -->
        <test-method signature="verifyTreadingOfferSectionfOnHomepage()[pri:0, instance:portfolio_test.user.TC02_HomePage@3bb9efbc]" started-at="2023-08-08T19:24:03Z" name="verifyTreadingOfferSectionfOnHomepage" finished-at="2023-08-08T19:24:03Z" duration-ms="23" status="PASS">
          <reporter-output>
          </reporter-output>
        </test-method> <!-- verifyTreadingOfferSectionfOnHomepage -->
        <test-method signature="verifyViewAllOffersLinkOnHomepage()[pri:0, instance:portfolio_test.user.TC02_HomePage@3bb9efbc]" started-at="2023-08-08T19:24:03Z" name="verifyViewAllOffersLinkOnHomepage" finished-at="2023-08-08T19:24:13Z" duration-ms="10303" status="PASS">
          <reporter-output>
          </reporter-output>
        </test-method> <!-- verifyViewAllOffersLinkOnHomepage -->
        <test-method signature="verifyCustomerEvidenceSectionForArchitectViewOnHomepage()[pri:0, instance:portfolio_test.user.TC02_HomePage@3bb9efbc]" started-at="2023-08-08T19:24:13Z" name="verifyCustomerEvidenceSectionForArchitectViewOnHomepage" finished-at="2023-08-08T19:24:18Z" duration-ms="5038" status="PASS">
          <reporter-output>
          </reporter-output>
        </test-method> <!-- verifyCustomerEvidenceSectionForArchitectViewOnHomepage -->
        <test-method signature="verifyMobilityPageArchitectViewOnHomepage()[pri:0, instance:portfolio_test.user.TC02_HomePage@3bb9efbc]" started-at="2023-08-08T19:24:18Z" name="verifyMobilityPageArchitectViewOnHomepage" finished-at="2023-08-08T19:24:33Z" duration-ms="14540" status="PASS">
          <reporter-output>
          </reporter-output>
        </test-method> <!-- verifyMobilityPageArchitectViewOnHomepage -->
        <test-method signature="verifyCrossIndustryPageArchitectViewOnHomepage()[pri:0, instance:portfolio_test.user.TC02_HomePage@3bb9efbc]" started-at="2023-08-08T19:24:33Z" name="verifyCrossIndustryPageArchitectViewOnHomepage" finished-at="2023-08-08T19:24:48Z" duration-ms="14987" status="PASS">
          <reporter-output>
          </reporter-output>
        </test-method> <!-- verifyCrossIndustryPageArchitectViewOnHomepage -->
        <test-method signature="verifyDefenseandIntelligencePageArchitectViewOnHomepage()[pri:0, instance:portfolio_test.user.TC02_HomePage@3bb9efbc]" started-at="2023-08-08T19:24:48Z" name="verifyDefenseandIntelligencePageArchitectViewOnHomepage" finished-at="2023-08-08T19:25:01Z" duration-ms="13510" status="PASS">
          <reporter-output>
          </reporter-output>
        </test-method> <!-- verifyDefenseandIntelligencePageArchitectViewOnHomepage -->
        <test-method signature="verifyEducationPageArchitectViewOnHomepage()[pri:0, instance:portfolio_test.user.TC02_HomePage@3bb9efbc]" started-at="2023-08-08T19:25:01Z" name="verifyEducationPageArchitectViewOnHomepage" finished-at="2023-08-08T19:25:17Z" duration-ms="15551" status="PASS">
          <reporter-output>
          </reporter-output>
        </test-method> <!-- verifyEducationPageArchitectViewOnHomepage -->
        <test-method signature="verifyEnergyPageArchitectViewOnHomepage()[pri:0, instance:portfolio_test.user.TC02_HomePage@3bb9efbc]" started-at="2023-08-08T19:25:17Z" name="verifyEnergyPageArchitectViewOnHomepage" finished-at="2023-08-08T19:25:35Z" duration-ms="18708" status="PASS">
          <reporter-output>
          </reporter-output>
        </test-method> <!-- verifyEnergyPageArchitectViewOnHomepage -->
        <test-method signature="verifyFinancialServicesPageArchitectViewOnHomepage()[pri:0, instance:portfolio_test.user.TC02_HomePage@3bb9efbc]" started-at="2023-08-08T19:25:35Z" name="verifyFinancialServicesPageArchitectViewOnHomepage" finished-at="2023-08-08T19:25:53Z" duration-ms="17712" status="PASS">
          <reporter-output>
          </reporter-output>
        </test-method> <!-- verifyFinancialServicesPageArchitectViewOnHomepage -->
        <test-method signature="verifyGovernmentPageArchitectViewOnHomepage()[pri:0, instance:portfolio_test.user.TC02_HomePage@3bb9efbc]" started-at="2023-08-08T19:25:53Z" name="verifyGovernmentPageArchitectViewOnHomepage" finished-at="2023-08-08T19:26:07Z" duration-ms="13969" status="PASS">
          <reporter-output>
          </reporter-output>
        </test-method> <!-- verifyGovernmentPageArchitectViewOnHomepage -->
        <test-method signature="verifyHealthcarePageArchitectViewOnHomepage()[pri:0, instance:portfolio_test.user.TC02_HomePage@3bb9efbc]" started-at="2023-08-08T19:26:07Z" name="verifyHealthcarePageArchitectViewOnHomepage" finished-at="2023-08-08T19:26:23Z" duration-ms="15605" status="PASS">
          <reporter-output>
          </reporter-output>
        </test-method> <!-- verifyHealthcarePageArchitectViewOnHomepage -->
        <test-method signature="verifyIndustrialsandManufacturingPageArchitectViewOnHomepage()[pri:0, instance:portfolio_test.user.TC02_HomePage@3bb9efbc]" started-at="2023-08-08T19:26:23Z" name="verifyIndustrialsandManufacturingPageArchitectViewOnHomepage" finished-at="2023-08-08T19:26:38Z" duration-ms="15710" status="PASS">
          <reporter-output>
          </reporter-output>
        </test-method> <!-- verifyIndustrialsandManufacturingPageArchitectViewOnHomepage -->
        <test-method signature="verifyRetailandConsumerGoodsPageArchitectViewOnHomepage()[pri:0, instance:portfolio_test.user.TC02_HomePage@3bb9efbc]" started-at="2023-08-08T19:26:38Z" name="verifyRetailandConsumerGoodsPageArchitectViewOnHomepage" finished-at="2023-08-08T19:26:53Z" duration-ms="14389" status="PASS">
          <reporter-output>
          </reporter-output>
        </test-method> <!-- verifyRetailandConsumerGoodsPageArchitectViewOnHomepage -->
        <test-method signature="verifySustainabilityPageArchitectViewOnHomepage()[pri:0, instance:portfolio_test.user.TC02_HomePage@3bb9efbc]" started-at="2023-08-08T19:26:53Z" name="verifySustainabilityPageArchitectViewOnHomepage" finished-at="2023-08-08T19:27:08Z" duration-ms="15275" status="PASS">
          <reporter-output>
          </reporter-output>
        </test-method> <!-- verifySustainabilityPageArchitectViewOnHomepage -->
        <test-method signature="verifyTelecommunicationsandMediaPageArchitectViewOnHomepage()[pri:0, instance:portfolio_test.user.TC02_HomePage@3bb9efbc]" started-at="2023-08-08T19:27:08Z" name="verifyTelecommunicationsandMediaPageArchitectViewOnHomepage" finished-at="2023-08-08T19:27:22Z" duration-ms="14088" status="PASS">
          <reporter-output>
          </reporter-output>
        </test-method> <!-- verifyTelecommunicationsandMediaPageArchitectViewOnHomepage -->
        <test-method is-config="true" signature="teardown()[pri:0, instance:portfolio_test.user.TC02_HomePage@3bb9efbc]" started-at="2023-08-08T19:27:22Z" name="teardown" finished-at="2023-08-08T19:27:22Z" duration-ms="413" status="PASS">
          <reporter-output>
          </reporter-output>
        </test-method> <!-- teardown -->
      </class> <!-- portfolio_test.user.TC02_HomePage -->
    </test> <!-- Validating all links and pages present under Home page test -->
    <test started-at="2023-08-08T13:57:23Z" name="Validating all links and pages present under Catalogue menu test" finished-at="2023-08-08T14:12:33Z" duration-ms="910903">
      <class name="portfolio_test.user.TC03_SolutionTest">
        <test-method is-config="true" signature="initialize()[pri:0, instance:portfolio_test.user.TC03_SolutionTest@10ad20cb]" started-at="2023-08-08T19:27:23Z" name="initialize" finished-at="2023-08-08T19:27:41Z" duration-ms="18818" status="PASS">
          <reporter-output>
          </reporter-output>
        </test-method> <!-- initialize -->
        <test-method signature="verifyAdoptionChangeandServicesManagementPageOnCataloguePage()[pri:0, instance:portfolio_test.user.TC03_SolutionTest@10ad20cb]" started-at="2023-08-08T19:27:41Z" name="verifyAdoptionChangeandServicesManagementPageOnCataloguePage" finished-at="2023-08-08T19:28:33Z" duration-ms="51210" status="PASS">
          <reporter-output>
          </reporter-output>
        </test-method> <!-- verifyAdoptionChangeandServicesManagementPageOnCataloguePage -->
        <test-method signature="verifyBusinessAppsPageButtonOnCataloguePage()[pri:0, instance:portfolio_test.user.TC03_SolutionTest@10ad20cb]" started-at="2023-08-08T19:28:33Z" name="verifyBusinessAppsPageButtonOnCataloguePage" finished-at="2023-08-08T19:29:25Z" duration-ms="52667" status="PASS">
          <reporter-output>
          </reporter-output>
        </test-method> <!-- verifyBusinessAppsPageButtonOnCataloguePage -->
        <test-method signature="verifyDigitalandApplicationInnovationOnCataloguePage()[pri:0, instance:portfolio_test.user.TC03_SolutionTest@10ad20cb]" started-at="2023-08-08T19:29:25Z" name="verifyDigitalandApplicationInnovationOnCataloguePage" finished-at="2023-08-08T19:30:21Z" duration-ms="56164" status="PASS">
          <reporter-output>
          </reporter-output>
        </test-method> <!-- verifyDigitalandApplicationInnovationOnCataloguePage -->
        <test-method signature="verifyDataandAIOnCataloguePage()[pri:0, instance:portfolio_test.user.TC03_SolutionTest@10ad20cb]" started-at="2023-08-08T19:30:21Z" name="verifyDataandAIOnCataloguePage" finished-at="2023-08-08T19:31:06Z" duration-ms="44718" status="PASS">
          <reporter-output>
          </reporter-output>
        </test-method> <!-- verifyDataandAIOnCataloguePage -->
        <test-method signature="verifyInfrastructureOnCataloguePage()[pri:0, instance:portfolio_test.user.TC03_SolutionTest@10ad20cb]" started-at="2023-08-08T19:31:06Z" name="verifyInfrastructureOnCataloguePage" finished-at="2023-08-08T19:31:48Z" duration-ms="41701" status="PASS">
          <reporter-output>
          </reporter-output>
        </test-method> <!-- verifyInfrastructureOnCataloguePage -->
        <test-method signature="verifyModernWorkOnCataloguePage()[pri:0, instance:portfolio_test.user.TC03_SolutionTest@10ad20cb]" started-at="2023-08-08T19:31:48Z" name="verifyModernWorkOnCataloguePage" finished-at="2023-08-08T19:33:39Z" duration-ms="110869" status="PASS">
          <reporter-output>
          </reporter-output>
        </test-method> <!-- verifyModernWorkOnCataloguePage -->
        <test-method signature="verifySecurityOnCataloguePage()[pri:0, instance:portfolio_test.user.TC03_SolutionTest@10ad20cb]" started-at="2023-08-08T19:33:39Z" name="verifySecurityOnCataloguePage" finished-at="2023-08-08T19:34:21Z" duration-ms="42133" status="PASS">
          <reporter-output>
          </reporter-output>
        </test-method> <!-- verifySecurityOnCataloguePage -->
        <test-method signature="verifyMobilityOnCataloguePage()[pri:0, instance:portfolio_test.user.TC03_SolutionTest@10ad20cb]" started-at="2023-08-08T19:34:21Z" name="verifyMobilityOnCataloguePage" finished-at="2023-08-08T19:34:54Z" duration-ms="32729" status="PASS">
          <reporter-output>
          </reporter-output>
        </test-method> <!-- verifyMobilityOnCataloguePage -->
        <test-method signature="verifyCrossIndustryOnCataloguePage()[pri:0, instance:portfolio_test.user.TC03_SolutionTest@10ad20cb]" started-at="2023-08-08T19:34:54Z" name="verifyCrossIndustryOnCataloguePage" finished-at="2023-08-08T19:35:27Z" duration-ms="33940" status="PASS">
          <reporter-output>
          </reporter-output>
        </test-method> <!-- verifyCrossIndustryOnCataloguePage -->
        <test-method signature="verifyDefenseandIntelligenceOnCataloguePage()[pri:0, instance:portfolio_test.user.TC03_SolutionTest@10ad20cb]" started-at="2023-08-08T19:35:27Z" name="verifyDefenseandIntelligenceOnCataloguePage" finished-at="2023-08-08T19:35:58Z" duration-ms="30567" status="PASS">
          <reporter-output>
          </reporter-output>
        </test-method> <!-- verifyDefenseandIntelligenceOnCataloguePage -->
        <test-method signature="verifyEducationOnCataloguePage()[pri:0, instance:portfolio_test.user.TC03_SolutionTest@10ad20cb]" started-at="2023-08-08T19:35:58Z" name="verifyEducationOnCataloguePage" finished-at="2023-08-08T19:36:56Z" duration-ms="58109" status="PASS">
          <reporter-output>
          </reporter-output>
        </test-method> <!-- verifyEducationOnCataloguePage -->
        <test-method signature="verifyEnergyCataloguePage()[pri:0, instance:portfolio_test.user.TC03_SolutionTest@10ad20cb]" started-at="2023-08-08T19:36:56Z" name="verifyEnergyCataloguePage" finished-at="2023-08-08T19:37:38Z" duration-ms="42143" status="PASS">
          <reporter-output>
          </reporter-output>
        </test-method> <!-- verifyEnergyCataloguePage -->
        <test-method signature="verifyFinancialServicesOnCataloguePage()[pri:0, instance:portfolio_test.user.TC03_SolutionTest@10ad20cb]" started-at="2023-08-08T19:37:38Z" name="verifyFinancialServicesOnCataloguePage" finished-at="2023-08-08T19:38:09Z" duration-ms="30474" status="FAIL">
          <exception class="java.lang.AssertionError">
            <message>
              <![CDATA[expected [true] but found [false]]]>
            </message>
            <full-stacktrace>
              <![CDATA[java.lang.AssertionError: expected [true] but found [false]
	at org.testng.Assert.fail(Assert.java:94)
	at org.testng.Assert.failNotEquals(Assert.java:494)
	at org.testng.Assert.assertTrue(Assert.java:42)
	at org.testng.Assert.assertTrue(Assert.java:52)
	at portfolio_test.user.TC03_SolutionTest.verifyFinancialServicesOnCataloguePage(TC03_SolutionTest.java:937)
	at java.base/jdk.internal.reflect.DirectMethodHandleAccessor.invoke(DirectMethodHandleAccessor.java:104)
	at java.base/java.lang.reflect.Method.invoke(Method.java:577)
	at org.testng.internal.MethodInvocationHelper.invokeMethod(MethodInvocationHelper.java:80)
	at org.testng.internal.Invoker.invokeMethod(Invoker.java:714)
	at org.testng.internal.Invoker.invokeTestMethod(Invoker.java:901)
	at org.testng.internal.Invoker.invokeTestMethods(Invoker.java:1231)
	at org.testng.internal.TestMethodWorker.invokeTestMethods(TestMethodWorker.java:127)
	at org.testng.internal.TestMethodWorker.run(TestMethodWorker.java:111)
	at org.testng.TestRunner.privateRun(TestRunner.java:767)
	at org.testng.TestRunner.run(TestRunner.java:617)
	at org.testng.SuiteRunner.runTest(SuiteRunner.java:334)
	at org.testng.SuiteRunner.runSequentially(SuiteRunner.java:329)
	at org.testng.SuiteRunner.privateRun(SuiteRunner.java:291)
	at org.testng.SuiteRunner.run(SuiteRunner.java:240)
	at org.testng.SuiteRunnerWorker.runSuite(SuiteRunnerWorker.java:52)
	at org.testng.SuiteRunnerWorker.run(SuiteRunnerWorker.java:86)
	at org.testng.TestNG.runSuitesSequentially(TestNG.java:1198)
	at org.testng.TestNG.runSuitesLocally(TestNG.java:1123)
	at org.testng.TestNG.run(TestNG.java:1031)
	at org.testng.remote.AbstractRemoteTestNG.run(AbstractRemoteTestNG.java:115)
	at org.testng.remote.RemoteTestNG.initAndRun(RemoteTestNG.java:251)
	at org.testng.remote.RemoteTestNG.main(RemoteTestNG.java:77)
]]>
            </full-stacktrace>
          </exception> <!-- java.lang.AssertionError -->
          <reporter-output>
          </reporter-output>
        </test-method> <!-- verifyFinancialServicesOnCataloguePage -->
        <test-method signature="verifyGovernmentOnCataloguePage()[pri:0, instance:portfolio_test.user.TC03_SolutionTest@10ad20cb]" started-at="2023-08-08T19:38:09Z" name="verifyGovernmentOnCataloguePage" finished-at="2023-08-08T19:38:55Z" duration-ms="46200" status="PASS">
          <reporter-output>
          </reporter-output>
        </test-method> <!-- verifyGovernmentOnCataloguePage -->
        <test-method signature="verifyHealthcareOnCataloguePage()[pri:0, instance:portfolio_test.user.TC03_SolutionTest@10ad20cb]" started-at="2023-08-08T19:38:55Z" name="verifyHealthcareOnCataloguePage" finished-at="2023-08-08T19:39:39Z" duration-ms="43843" status="PASS">
          <reporter-output>
          </reporter-output>
        </test-method> <!-- verifyHealthcareOnCataloguePage -->
        <test-method signature="verifyIndustrialsandManufacturingOnCataloguePage()[pri:0, instance:portfolio_test.user.TC03_SolutionTest@10ad20cb]" started-at="2023-08-08T19:39:39Z" name="verifyIndustrialsandManufacturingOnCataloguePage" finished-at="2023-08-08T19:40:14Z" duration-ms="34521" status="PASS">
          <reporter-output>
          </reporter-output>
        </test-method> <!-- verifyIndustrialsandManufacturingOnCataloguePage -->
        <test-method signature="verifyRetailandConsumerGoodsOnCataloguePage()[pri:0, instance:portfolio_test.user.TC03_SolutionTest@10ad20cb]" started-at="2023-08-08T19:40:14Z" name="verifyRetailandConsumerGoodsOnCataloguePage" finished-at="2023-08-08T19:41:05Z" duration-ms="51688" status="PASS">
          <reporter-output>
          </reporter-output>
        </test-method> <!-- verifyRetailandConsumerGoodsOnCataloguePage -->
        <test-method signature="verifySustainabilityOnCataloguePage()[pri:0, instance:portfolio_test.user.TC03_SolutionTest@10ad20cb]" started-at="2023-08-08T19:41:05Z" name="verifySustainabilityOnCataloguePage" finished-at="2023-08-08T19:41:43Z" duration-ms="37331" status="PASS">
          <reporter-output>
          </reporter-output>
        </test-method> <!-- verifySustainabilityOnCataloguePage -->
        <test-method signature="verifyTelecommunicationsandMediaOnCataloguePage()[pri:0, instance:portfolio_test.user.TC03_SolutionTest@10ad20cb]" started-at="2023-08-08T19:41:43Z" name="verifyTelecommunicationsandMediaOnCataloguePage" finished-at="2023-08-08T19:42:14Z" duration-ms="31869" status="PASS">
          <reporter-output>
          </reporter-output>
        </test-method> <!-- verifyTelecommunicationsandMediaOnCataloguePage -->
        <test-method signature="verifyDigitalEnablementandOperationsOnSolutionPage()[pri:0, instance:portfolio_test.user.TC03_SolutionTest@10ad20cb]" started-at="2023-08-08T19:42:14Z" name="verifyDigitalEnablementandOperationsOnSolutionPage" finished-at="2023-08-08T19:42:33Z" duration-ms="18611" status="PASS">
          <reporter-output>
          </reporter-output>
        </test-method> <!-- verifyDigitalEnablementandOperationsOnSolutionPage -->
        <test-method is-config="true" signature="teardown()[pri:0, instance:portfolio_test.user.TC03_SolutionTest@10ad20cb]" started-at="2023-08-08T19:42:33Z" name="teardown" finished-at="2023-08-08T19:42:33Z" duration-ms="380" status="PASS">
          <reporter-output>
          </reporter-output>
        </test-method> <!-- teardown -->
      </class> <!-- portfolio_test.user.TC03_SolutionTest -->
    </test> <!-- Validating all links and pages present under Catalogue menu test -->
  </suite> <!-- IS Catalauge Automation Tests -->
</testng-results>
