<?xml version="1.0" encoding="UTF-8"?>
<!-- Generated by org.testng.reporters.JUnitXMLReporter -->
<testsuite hostname="HJNZL000593" failures="1" tests="3" name="Validating all links and pages present under Resources menu test" time="23.525" errors="0" timestamp="20 Feb 2024 05:18:12 GMT">
  <testcase classname="portfolio_test.user.TC09_ResourcesPage" name="verifyAboutISCataloguePageFromResourcesMenu" time="5.132"/>
  <testcase classname="portfolio_test.user.TC09_ResourcesPage" name="verifyFundingPageFromResourcesMenu" time="1.953"/>
  <testcase classname="portfolio_test.user.TC09_ResourcesPage" name="verifyMicrosoftSolutionsPlaybookPageFromResourcesMenu" time="4.522">
    <failure type="java.lang.AssertionError" message="expected [true] but found [false]">
      <![CDATA[java.lang.AssertionError: expected [true] but found [false]
	at portfolio_test.user.TC09_ResourcesPage.verifyMicrosoftSolutionsPlaybookPageFromResourcesMenu(TC09_ResourcesPage.java:72)
... Removed 26 stack frames]]>
    </failure>
  </testcase> <!-- verifyMicrosoftSolutionsPlaybookPageFromResourcesMenu -->
</testsuite> <!-- Validating all links and pages present under Resources menu test -->
