<?xml version="1.0" encoding="UTF-8"?>
<!-- Generated by org.testng.reporters.JUnitXMLReporter -->
<testsuite hostname="HJNZL000593" failures="0" tests="21" name="Validating all links and pages present under Catalogue menu test" time="953.214" errors="0" timestamp="5 May 2023 12:40:53 GMT">
  <testcase classname="portfolio_test.user.TC03_CatalogueTest" name="verifyEmergingInnovationEngineeringPageOnCataloguePage" time="39.819"/>
  <testcase classname="portfolio_test.user.TC03_CatalogueTest" name="verifyAdoptionChangeandServicesManagementPageOnCataloguePage" time="48.414"/>
  <testcase classname="portfolio_test.user.TC03_CatalogueTest" name="verifyBusinessAppsPageButtonOnCataloguePage" time="65.031"/>
  <testcase classname="portfolio_test.user.TC03_CatalogueTest" name="verifyCrossSolutionAreaandFunctionalSolutionOnCataloguePage" time="37.978"/>
  <testcase classname="portfolio_test.user.TC03_CatalogueTest" name="verifyDigitalandApplicationInnovationOnCataloguePage" time="58.163"/>
  <testcase classname="portfolio_test.user.TC03_CatalogueTest" name="verifyDataandAIOnCataloguePage" time="62.18"/>
  <testcase classname="portfolio_test.user.TC03_CatalogueTest" name="verifyInfrastructureOnCataloguePage" time="50.361"/>
  <testcase classname="portfolio_test.user.TC03_CatalogueTest" name="verifyModernWorkOnCataloguePage" time="65.407"/>
  <testcase classname="portfolio_test.user.TC03_CatalogueTest" name="verifySecurityOnCataloguePage" time="149.284"/>
  <testcase classname="portfolio_test.user.TC03_CatalogueTest" name="verifyAutomotiveMobilityandTransportationOnCataloguePage" time="52.775"/>
  <testcase classname="portfolio_test.user.TC03_CatalogueTest" name="verifyCrossIndustryOnCataloguePage" time="16.051"/>
  <testcase classname="portfolio_test.user.TC03_CatalogueTest" name="verifyDefenseandIntelligenceOnCataloguePage" time="16.621"/>
  <testcase classname="portfolio_test.user.TC03_CatalogueTest" name="verifyEducationOnCataloguePage" time="18.342"/>
  <testcase classname="portfolio_test.user.TC03_CatalogueTest" name="verifyEnergyandResourcesOnCataloguePage" time="16.439"/>
  <testcase classname="portfolio_test.user.TC03_CatalogueTest" name="verifyFinancialServicesOnCataloguePage" time="23.614"/>
  <testcase classname="portfolio_test.user.TC03_CatalogueTest" name="verifyGovernmentOnCataloguePage" time="16.342"/>
  <testcase classname="portfolio_test.user.TC03_CatalogueTest" name="verifyHealthcareOnCataloguePage" time="15.878"/>
  <testcase classname="portfolio_test.user.TC03_CatalogueTest" name="verifyIndustrialsandManufacturingOnCataloguePage" time="101.514"/>
  <testcase classname="portfolio_test.user.TC03_CatalogueTest" name="verifyRetailandConsumerGoodsOnCataloguePage" time="16.678"/>
  <testcase classname="portfolio_test.user.TC03_CatalogueTest" name="verifySustainabilityOnCataloguePage" time="24.218"/>
  <testcase classname="portfolio_test.user.TC03_CatalogueTest" name="verifyTelecommunicationsandMediaOnCataloguePage" time="12.346"/>
</testsuite> <!-- Validating all links and pages present under Catalogue menu test -->
