<?xml version="1.0" encoding="UTF-8"?>
<!-- Generated by org.testng.reporters.JUnitXMLReporter -->
<testsuite hostname="HJNZL000593" failures="0" tests="2" name="Validating all links and pages present under Campaigns menu test" time="60.042" errors="0" timestamp="10 May 2023 14:11:07 GMT">
  <testcase classname="portfolio_test.user.TC05_CampaignsPage" name="verifyTopACRandDVGeneratorsPageFromCampaignsMenu" time="13.67"/>
  <testcase classname="portfolio_test.user.TC05_CampaignsPage" name="verifyDoMoreWithLessPageFromCampaignsMenu" time="4.111"/>
</testsuite> <!-- Validating all links and pages present under Campaigns menu test -->
