<?xml version="1.0" encoding="UTF-8"?>
<!-- Generated by org.testng.reporters.JUnitXMLReporter -->
<testsuite hostname="HJNZL000593" failures="0" tests="2" name="Validating all links and pages present under Campaigns menu test" time="31.892" errors="0" timestamp="25 Apr 2023 06:55:27 GMT">
  <testcase classname="portfolio_test.user.TC05_CampaignsPage" name="verifyTopACRandDVGeneratorsPageFromCampaignsMenu" time="13.287"/>
  <testcase classname="portfolio_test.user.TC05_CampaignsPage" name="verifyDoMoreWithLessPageFromCampaignsMenu" time="4.615"/>
</testsuite> <!-- Validating all links and pages present under Campaigns menu test -->
