<?xml version="1.0" encoding="UTF-8"?>
<!-- Generated by org.testng.reporters.JUnitXMLReporter -->
<testsuite hostname="HJNZL000593" failures="0" tests="10" name="Validating all links and pages present under Home page test" time="157.503" errors="0" timestamp="3 May 2023 08:09:37 GMT">
  <testcase classname="portfolio_test.user.TC02_HomePage" name="verifyHomepage" time="0.01"/>
  <testcase classname="portfolio_test.user.TC02_HomePage" name="verifyCatalogueNavigatorOnHomepage" time="10.405"/>
  <testcase classname="portfolio_test.user.TC02_HomePage" name="verifyCustomerEvidenceSectionOnHomepage" time="5.216"/>
  <testcase classname="portfolio_test.user.TC02_HomePage" name="verifyViewCampaignPageOnHomepage" time="14.195"/>
  <testcase classname="portfolio_test.user.TC02_HomePage" name="verifyCloudTransitionServicesPageOnHomepage" time="11.953"/>
  <testcase classname="portfolio_test.user.TC02_HomePage" name="VerifyCloudManagementOperationsPageOnHomepage" time="10.39"/>
  <testcase classname="portfolio_test.user.TC02_HomePage" name="VerifyProductInnovationDevelopmentServicesPageOnHomepage" time="10.344"/>
  <testcase classname="portfolio_test.user.TC02_HomePage" name="VerifyViewalltopoffersPageOnHomepage" time="32.408"/>
  <testcase classname="portfolio_test.user.TC02_HomePage" name="VerifyCustomerEvidenceSearchPageFromHomepage" time="22.94"/>
  <testcase classname="portfolio_test.user.TC02_HomePage" name="VerifyEurekaPageFromHomepage" time="6.126"/>
</testsuite> <!-- Validating all links and pages present under Home page test -->
