<?xml version="1.0" encoding="UTF-8"?>
<!-- Generated by org.testng.reporters.JUnitXMLReporter -->
<testsuite hostname="HJNZL000593" failures="1" tests="21" name="Validating all links and pages present under Solution menu test" time="732.38" errors="0" timestamp="24 Nov 2023 08:55:34 GMT">
  <testcase classname="portfolio_test.user.TC03_SolutionTest" name="verifyAdoptionChangeandServicesManagementPageOnCataloguePage" time="26.798">
    <failure type="java.lang.AssertionError" message="expected [true] but found [false]">
      <![CDATA[java.lang.AssertionError: expected [true] but found [false]
	at portfolio_test.user.TC03_SolutionTest.verifyAdoptionChangeandServicesManagementPageOnCataloguePage(TC03_SolutionTest.java:68)
... Removed 26 stack frames]]>
    </failure>
  </testcase> <!-- verifyAdoptionChangeandServicesManagementPageOnCataloguePage -->
  <testcase classname="portfolio_test.user.TC03_SolutionTest" name="verifyBusinessAppsPageButtonOnCataloguePage" time="38.397"/>
  <testcase classname="portfolio_test.user.TC03_SolutionTest" name="verifyDigitalandApplicationInnovationOnCataloguePage" time="42.721"/>
  <testcase classname="portfolio_test.user.TC03_SolutionTest" name="verifyDataandAIOnCataloguePage" time="43.137"/>
  <testcase classname="portfolio_test.user.TC03_SolutionTest" name="verifyInfrastructureOnCataloguePage" time="42.136"/>
  <testcase classname="portfolio_test.user.TC03_SolutionTest" name="verifyModernWorkOnCataloguePage" time="41.042"/>
  <testcase classname="portfolio_test.user.TC03_SolutionTest" name="verifySecurityOnCataloguePage" time="35.517"/>
  <testcase classname="portfolio_test.user.TC03_SolutionTest" name="verifyMobilityOnCataloguePage" time="43.593"/>
  <testcase classname="portfolio_test.user.TC03_SolutionTest" name="verifyCrossIndustryOnCataloguePage" time="34.686"/>
  <testcase classname="portfolio_test.user.TC03_SolutionTest" name="verifyDefenseandIntelligenceOnCataloguePage" time="29.545"/>
  <testcase classname="portfolio_test.user.TC03_SolutionTest" name="verifyEducationOnCataloguePage" time="39.039"/>
  <testcase classname="portfolio_test.user.TC03_SolutionTest" name="verifyEnergyCataloguePage" time="28.406"/>
  <testcase classname="portfolio_test.user.TC03_SolutionTest" name="verifyFinancialServicesOnCataloguePage" time="29.796"/>
  <testcase classname="portfolio_test.user.TC03_SolutionTest" name="verifyGovernmentOnCataloguePage" time="37.385"/>
  <testcase classname="portfolio_test.user.TC03_SolutionTest" name="verifyHealthcareOnCataloguePage" time="43.926"/>
  <testcase classname="portfolio_test.user.TC03_SolutionTest" name="verifyIndustrialsandManufacturingOnCataloguePage" time="29.517"/>
  <testcase classname="portfolio_test.user.TC03_SolutionTest" name="verifyRetailandConsumerGoodsOnCataloguePage" time="34.344"/>
  <testcase classname="portfolio_test.user.TC03_SolutionTest" name="verifySustainabilityOnCataloguePage" time="37.001"/>
  <testcase classname="portfolio_test.user.TC03_SolutionTest" name="verifyTelecommunicationsandMediaOnCataloguePage" time="25.364"/>
  <testcase classname="portfolio_test.user.TC03_SolutionTest" name="verifyDigitalEnablementandOperationsOnSolutionPage" time="18.062"/>
  <testcase classname="portfolio_test.user.TC03_SolutionTest" name="verifyCatalogueOffer" time="18.031"/>
</testsuite> <!-- Validating all links and pages present under Solution menu test -->
